10000
95
195
295
395
495
595
695
795
895
995
1095
1195
1295
1395
1495
1595
1695
1795
1895
1995
2095
2195
2295
2395
2495
2595
2695
2795
2895
2995
3095
3195
3295
3395
3495
3595
3695
3795
3895
3995
4095
4195
4295
4395
4495
4595
4695
4795
4895
4995
5095
5195
5295
5395
5495
5595
5695
5795
5895
5995
6095
6195
6295
6395
6495
6595
6695
6795
6895
6995
7095
7195
7295
7395
7495
7595
7695
7795
7895
7995
8095
8195
8295
8395
8495
8595
8695
8795
8895
8995
9095
9195
9295
9395
9495
9595
9695
9795
9895
9995
10095
10195
10295
10395
10495
10595
10695
10795
10895
10995
11095
11195
11295
11395
11495
11595
11695
11795
11895
11995
12095
12195
12295
12395
12495
12595
12695
12795
12895
12995
13095
13195
13295
13395
13495
13595
13695
13795
13895
13995
14095
14195
14295
14395
14495
14595
14695
14795
14895
14995
15095
15195
15295
15395
15495
15595
15695
15795
15895
15995
16095
16195
16295
16395
16495
16595
16695
16795
16895
16995
17095
17195
17295
17395
17495
17595
17695
17795
17895
17995
18095
18195
18295
18395
18495
18595
18695
18795
18895
18995
19095
19195
19295
19395
19495
19595
19695
19795
19895
19995
20095
20195
20295
20395
20495
20595
20695
20795
20895
20995
21095
21195
21295
21395
21495
21595
21695
21795
21895
21995
22095
22195
22295
22395
22495
22595
22695
22795
22895
22995
23095
23195
23295
23395
23495
23595
23695
23795
23895
23995
24095
24195
24295
24395
24495
24595
24695
24795
24895
24995
25095
25195
25295
25395
25495
25595
25695
25795
25895
25995
26095
26195
26295
26395
26495
26595
26695
26795
26895
26995
27095
27195
27295
27395
27495
27595
27695
27795
27895
27995
28095
28195
28295
28395
28495
28595
28695
28795
28895
28995
29095
29195
29295
29395
29495
29595
29695
29795
29895
29995
30095
30195
30295
30395
30495
30595
30695
30795
30895
30995
31095
31195
31295
31395
31495
31595
31695
31795
31895
31995
32095
32195
32295
32395
32495
32595
32695
32795
32895
32995
33095
33195
33295
33395
33495
33595
33695
33795
33895
33995
34095
34195
34295
34395
34495
34595
34695
34795
34895
34995
35095
35195
35295
35395
35495
35595
35695
35795
35895
35995
36095
36195
36295
36395
36495
36595
36695
36795
36895
36995
37095
37195
37295
37395
37495
37595
37695
37795
37895
37995
38095
38195
38295
38395
38495
38595
38695
38795
38895
38995
39095
39195
39295
39395
39495
39595
39695
39795
39895
39995
40095
40195
40295
40395
40495
40595
40695
40795
40895
40995
41095
41195
41295
41395
41495
41595
41695
41795
41895
41995
42095
42195
42295
42395
42495
42595
42695
42795
42895
42995
43095
43195
43295
43395
43495
43595
43695
43795
43895
43995
44095
44195
44295
44395
44495
44595
44695
44795
44895
44995
45095
45195
45295
45395
45495
45595
45695
45795
45895
45995
46095
46195
46295
46395
46495
46595
46695
46795
46895
46995
47095
47195
47295
47395
47495
47595
47695
47795
47895
47995
48095
48195
48295
48395
48495
48595
48695
48795
48895
48995
49095
49195
49295
49395
49495
49595
49695
49795
49895
49995
50095
50195
50295
50395
50495
50595
50695
50795
50895
50995
51095
51195
51295
51395
51495
51595
51695
51795
51895
51995
52095
52195
52295
52395
52495
52595
52695
52795
52895
52995
53095
53195
53295
53395
53495
53595
53695
53795
53895
53995
54095
54195
54295
54395
54495
54595
54695
54795
54895
54995
55095
55195
55295
55395
55495
55595
55695
55795
55895
55995
56095
56195
56295
56395
56495
56595
56695
56795
56895
56995
57095
57195
57295
57395
57495
57595
57695
57795
57895
57995
58095
58195
58295
58395
58495
58595
58695
58795
58895
58995
59095
59195
59295
59395
59495
59595
59695
59795
59895
59995
60095
60195
60295
60395
60495
60595
60695
60795
60895
60995
61095
61195
61295
61395
61495
61595
61695
61795
61895
61995
62095
62195
62295
62395
62495
62595
62695
62795
62895
62995
63095
63195
63295
63395
63495
63595
63695
63795
63895
63995
64095
64195
64295
64395
64495
64595
64695
64795
64895
64995
65095
65195
65295
65395
65495
65595
65695
65795
65895
65995
66095
66195
66295
66395
66495
66595
66695
66795
66895
66995
67095
67195
67295
67395
67495
67595
67695
67795
67895
67995
68095
68195
68295
68395
68495
68595
68695
68795
68895
68995
69095
69195
69295
69395
69495
69595
69695
69795
69895
69995
70095
70195
70295
70395
70495
70595
70695
70795
70895
70995
71095
71195
71295
71395
71495
71595
71695
71795
71895
71995
72095
72195
72295
72395
72495
72595
72695
72795
72895
72995
73095
73195
73295
73395
73495
73595
73695
73795
73895
73995
74095
74195
74295
74395
74495
74595
74695
74795
74895
74995
75095
75195
75295
75395
75495
75595
75695
75795
75895
75995
76095
76195
76295
76395
76495
76595
76695
76795
76895
76995
77095
77195
77295
77395
77495
77595
77695
77795
77895
77995
78095
78195
78295
78395
78495
78595
78695
78795
78895
78995
79095
79195
79295
79395
79495
79595
79695
79795
79895
79995
80095
80195
80295
80395
80495
80595
80695
80795
80895
80995
81095
81195
81295
81395
81495
81595
81695
81795
81895
81995
82095
82195
82295
82395
82495
82595
82695
82795
82895
82995
83095
83195
83295
83395
83495
83595
83695
83795
83895
83995
84095
84195
84295
84395
84495
84595
84695
84795
84895
84995
85095
85195
85295
85395
85495
85595
85695
85795
85895
85995
86095
86195
86295
86395
86495
86595
86695
86795
86895
86995
87095
87195
87295
87395
87495
87595
87695
87795
87895
87995
88095
88195
88295
88395
88495
88595
88695
88795
88895
88995
89095
89195
89295
89395
89495
89595
89695
89795
89895
89995
90095
90195
90295
90395
90495
90595
90695
90795
90895
90995
91095
91195
91295
91395
91495
91595
91695
91795
91895
91995
92095
92195
92295
92395
92495
92595
92695
92795
92895
92995
93095
93195
93295
93395
93495
93595
93695
93795
93895
93995
94095
94195
94295
94395
94495
94595
94695
94795
94895
94995
95095
95195
95295
95395
95495
95595
95695
95795
95895
95995
96095
96195
96295
96395
96495
96595
96695
96795
96895
96995
97095
97195
97295
97395
97495
97595
97695
97795
97895
97995
98095
98195
98295
98395
98495
98595
98695
98795
98895
98995
99095
99195
99295
99395
99495
99595
99695
99795
99895
99995
100095
100195
100295
100395
100495
100595
100695
100795
100895
100995
101095
101195
101295
101395
101495
101595
101695
101795
101895
101995
102095
102195
102295
102395
102495
102595
102695
102795
102895
102995
103095
103195
103295
103395
103495
103595
103695
103795
103895
103995
104095
104195
104295
104395
104495
104595
104695
104795
104895
104995
105095
105195
105295
105395
105495
105595
105695
105795
105895
105995
106095
106195
106295
106395
106495
106595
106695
106795
106895
106995
107095
107195
107295
107395
107495
107595
107695
107795
107895
107995
108095
108195
108295
108395
108495
108595
108695
108795
108895
108995
109095
109195
109295
109395
109495
109595
109695
109795
109895
109995
110095
110195
110295
110395
110495
110595
110695
110795
110895
110995
111095
111195
111295
111395
111495
111595
111695
111795
111895
111995
112095
112195
112295
112395
112495
112595
112695
112795
112895
112995
113095
113195
113295
113395
113495
113595
113695
113795
113895
113995
114095
114195
114295
114395
114495
114595
114695
114795
114895
114995
115095
115195
115295
115395
115495
115595
115695
115795
115895
115995
116095
116195
116295
116395
116495
116595
116695
116795
116895
116995
117095
117195
117295
117395
117495
117595
117695
117795
117895
117995
118095
118195
118295
118395
118495
118595
118695
118795
118895
118995
119095
119195
119295
119395
119495
119595
119695
119795
119895
119995
120095
120195
120295
120395
120495
120595
120695
120795
120895
120995
121095
121195
121295
121395
121495
121595
121695
121795
121895
121995
122095
122195
122295
122395
122495
122595
122695
122795
122895
122995
123095
123195
123295
123395
123495
123595
123695
123795
123895
123995
124095
124195
124295
124395
124495
124595
124695
124795
124895
124995
125095
125195
125295
125395
125495
125595
125695
125795
125895
125995
126095
126195
126295
126395
126495
126595
126695
126795
126895
126995
127095
127195
127295
127395
127495
127595
127695
127795
127895
127995
128095
128195
128295
128395
128495
128595
128695
128795
128895
128995
129095
129195
129295
129395
129495
129595
129695
129795
129895
129995
130095
130195
130295
130395
130495
130595
130695
130795
130895
130995
131095
131195
131295
131395
131495
131595
131695
131795
131895
131995
132095
132195
132295
132395
132495
132595
132695
132795
132895
132995
133095
133195
133295
133395
133495
133595
133695
133795
133895
133995
134095
134195
134295
134395
134495
134595
134695
134795
134895
134995
135095
135195
135295
135395
135495
135595
135695
135795
135895
135995
136095
136195
136295
136395
136495
136595
136695
136795
136895
136995
137095
137195
137295
137395
137495
137595
137695
137795
137895
137995
138095
138195
138295
138395
138495
138595
138695
138795
138895
138995
139095
139195
139295
139395
139495
139595
139695
139795
139895
139995
140095
140195
140295
140395
140495
140595
140695
140795
140895
140995
141095
141195
141295
141395
141495
141595
141695
141795
141895
141995
142095
142195
142295
142395
142495
142595
142695
142795
142895
142995
143095
143195
143295
143395
143495
143595
143695
143795
143895
143995
144095
144195
144295
144395
144495
144595
144695
144795
144895
144995
145095
145195
145295
145395
145495
145595
145695
145795
145895
145995
146095
146195
146295
146395
146495
146595
146695
146795
146895
146995
147095
147195
147295
147395
147495
147595
147695
147795
147895
147995
148095
148195
148295
148395
148495
148595
148695
148795
148895
148995
149095
149195
149295
149395
149495
149595
149695
149795
149895
149995
150095
150195
150295
150395
150495
150595
150695
150795
150895
150995
151095
151195
151295
151395
151495
151595
151695
151795
151895
151995
152095
152195
152295
152395
152495
152595
152695
152795
152895
152995
153095
153195
153295
153395
153495
153595
153695
153795
153895
153995
154095
154195
154295
154395
154495
154595
154695
154795
154895
154995
155095
155195
155295
155395
155495
155595
155695
155795
155895
155995
156095
156195
156295
156395
156495
156595
156695
156795
156895
156995
157095
157195
157295
157395
157495
157595
157695
157795
157895
157995
158095
158195
158295
158395
158495
158595
158695
158795
158895
158995
159095
159195
159295
159395
159495
159595
159695
159795
159895
159995
160095
160195
160295
160395
160495
160595
160695
160795
160895
160995
161095
161195
161295
161395
161495
161595
161695
161795
161895
161995
162095
162195
162295
162395
162495
162595
162695
162795
162895
162995
163095
163195
163295
163395
163495
163595
163695
163795
163895
163995
164095
164195
164295
164395
164495
164595
164695
164795
164895
164995
165095
165195
165295
165395
165495
165595
165695
165795
165895
165995
166095
166195
166295
166395
166495
166595
166695
166795
166895
166995
167095
167195
167295
167395
167495
167595
167695
167795
167895
167995
168095
168195
168295
168395
168495
168595
168695
168795
168895
168995
169095
169195
169295
169395
169495
169595
169695
169795
169895
169995
170095
170195
170295
170395
170495
170595
170695
170795
170895
170995
171095
171195
171295
171395
171495
171595
171695
171795
171895
171995
172095
172195
172295
172395
172495
172595
172695
172795
172895
172995
173095
173195
173295
173395
173495
173595
173695
173795
173895
173995
174095
174195
174295
174395
174495
174595
174695
174795
174895
174995
175095
175195
175295
175395
175495
175595
175695
175795
175895
175995
176095
176195
176295
176395
176495
176595
176695
176795
176895
176995
177095
177195
177295
177395
177495
177595
177695
177795
177895
177995
178095
178195
178295
178395
178495
178595
178695
178795
178895
178995
179095
179195
179295
179395
179495
179595
179695
179795
179895
179995
180095
180195
180295
180395
180495
180595
180695
180795
180895
180995
181095
181195
181295
181395
181495
181595
181695
181795
181895
181995
182095
182195
182295
182395
182495
182595
182695
182795
182895
182995
183095
183195
183295
183395
183495
183595
183695
183795
183895
183995
184095
184195
184295
184395
184495
184595
184695
184795
184895
184995
185095
185195
185295
185395
185495
185595
185695
185795
185895
185995
186095
186195
186295
186395
186495
186595
186695
186795
186895
186995
187095
187195
187295
187395
187495
187595
187695
187795
187895
187995
188095
188195
188295
188395
188495
188595
188695
188795
188895
188995
189095
189195
189295
189395
189495
189595
189695
189795
189895
189995
190095
190195
190295
190395
190495
190595
190695
190795
190895
190995
191095
191195
191295
191395
191495
191595
191695
191795
191895
191995
192095
192195
192295
192395
192495
192595
192695
192795
192895
192995
193095
193195
193295
193395
193495
193595
193695
193795
193895
193995
194095
194195
194295
194395
194495
194595
194695
194795
194895
194995
195095
195195
195295
195395
195495
195595
195695
195795
195895
195995
196095
196195
196295
196395
196495
196595
196695
196795
196895
196995
197095
197195
197295
197395
197495
197595
197695
197795
197895
197995
198095
198195
198295
198395
198495
198595
198695
198795
198895
198995
199095
199195
199295
199395
199495
199595
199695
199795
199895
199995
200095
200195
200295
200395
200495
200595
200695
200795
200895
200995
201095
201195
201295
201395
201495
201595
201695
201795
201895
201995
202095
202195
202295
202395
202495
202595
202695
202795
202895
202995
203095
203195
203295
203395
203495
203595
203695
203795
203895
203995
204095
204195
204295
204395
204495
204595
204695
204795
204895
204995
205095
205195
205295
205395
205495
205595
205695
205795
205895
205995
206095
206195
206295
206395
206495
206595
206695
206795
206895
206995
207095
207195
207295
207395
207495
207595
207695
207795
207895
207995
208095
208195
208295
208395
208495
208595
208695
208795
208895
208995
209095
209195
209295
209395
209495
209595
209695
209795
209895
209995
210095
210195
210295
210395
210495
210595
210695
210795
210895
210995
211095
211195
211295
211395
211495
211595
211695
211795
211895
211995
212095
212195
212295
212395
212495
212595
212695
212795
212895
212995
213095
213195
213295
213395
213495
213595
213695
213795
213895
213995
214095
214195
214295
214395
214495
214595
214695
214795
214895
214995
215095
215195
215295
215395
215495
215595
215695
215795
215895
215995
216095
216195
216295
216395
216495
216595
216695
216795
216895
216995
217095
217195
217295
217395
217495
217595
217695
217795
217895
217995
218095
218195
218295
218395
218495
218595
218695
218795
218895
218995
219095
219195
219295
219395
219495
219595
219695
219795
219895
219995
220095
220195
220295
220395
220495
220595
220695
220795
220895
220995
221095
221195
221295
221395
221495
221595
221695
221795
221895
221995
222095
222195
222295
222395
222495
222595
222695
222795
222895
222995
223095
223195
223295
223395
223495
223595
223695
223795
223895
223995
224095
224195
224295
224395
224495
224595
224695
224795
224895
224995
225095
225195
225295
225395
225495
225595
225695
225795
225895
225995
226095
226195
226295
226395
226495
226595
226695
226795
226895
226995
227095
227195
227295
227395
227495
227595
227695
227795
227895
227995
228095
228195
228295
228395
228495
228595
228695
228795
228895
228995
229095
229195
229295
229395
229495
229595
229695
229795
229895
229995
230095
230195
230295
230395
230495
230595
230695
230795
230895
230995
231095
231195
231295
231395
231495
231595
231695
231795
231895
231995
232095
232195
232295
232395
232495
232595
232695
232795
232895
232995
233095
233195
233295
233395
233495
233595
233695
233795
233895
233995
234095
234195
234295
234395
234495
234595
234695
234795
234895
234995
235095
235195
235295
235395
235495
235595
235695
235795
235895
235995
236095
236195
236295
236395
236495
236595
236695
236795
236895
236995
237095
237195
237295
237395
237495
237595
237695
237795
237895
237995
238095
238195
238295
238395
238495
238595
238695
238795
238895
238995
239095
239195
239295
239395
239495
239595
239695
239795
239895
239995
240095
240195
240295
240395
240495
240595
240695
240795
240895
240995
241095
241195
241295
241395
241495
241595
241695
241795
241895
241995
242095
242195
242295
242395
242495
242595
242695
242795
242895
242995
243095
243195
243295
243395
243495
243595
243695
243795
243895
243995
244095
244195
244295
244395
244495
244595
244695
244795
244895
244995
245095
245195
245295
245395
245495
245595
245695
245795
245895
245995
246095
246195
246295
246395
246495
246595
246695
246795
246895
246995
247095
247195
247295
247395
247495
247595
247695
247795
247895
247995
248095
248195
248295
248395
248495
248595
248695
248795
248895
248995
249095
249195
249295
249395
249495
249595
249695
249795
249895
249995
250095
250195
250295
250395
250495
250595
250695
250795
250895
250995
251095
251195
251295
251395
251495
251595
251695
251795
251895
251995
252095
252195
252295
252395
252495
252595
252695
252795
252895
252995
253095
253195
253295
253395
253495
253595
253695
253795
253895
253995
254095
254195
254295
254395
254495
254595
254695
254795
254895
254995
255095
255195
255295
255395
255495
255595
255695
255795
255895
255995
256095
256195
256295
256395
256495
256595
256695
256795
256895
256995
257095
257195
257295
257395
257495
257595
257695
257795
257895
257995
258095
258195
258295
258395
258495
258595
258695
258795
258895
258995
259095
259195
259295
259395
259495
259595
259695
259795
259895
259995
260095
260195
260295
260395
260495
260595
260695
260795
260895
260995
261095
261195
261295
261395
261495
261595
261695
261795
261895
261995
262095
262195
262295
262395
262495
262595
262695
262795
262895
262995
263095
263195
263295
263395
263495
263595
263695
263795
263895
263995
264095
264195
264295
264395
264495
264595
264695
264795
264895
264995
265095
265195
265295
265395
265495
265595
265695
265795
265895
265995
266095
266195
266295
266395
266495
266595
266695
266795
266895
266995
267095
267195
267295
267395
267495
267595
267695
267795
267895
267995
268095
268195
268295
268395
268495
268595
268695
268795
268895
268995
269095
269195
269295
269395
269495
269595
269695
269795
269895
269995
270095
270195
270295
270395
270495
270595
270695
270795
270895
270995
271095
271195
271295
271395
271495
271595
271695
271795
271895
271995
272095
272195
272295
272395
272495
272595
272695
272795
272895
272995
273095
273195
273295
273395
273495
273595
273695
273795
273895
273995
274095
274195
274295
274395
274495
274595
274695
274795
274895
274995
275095
275195
275295
275395
275495
275595
275695
275795
275895
275995
276095
276195
276295
276395
276495
276595
276695
276795
276895
276995
277095
277195
277295
277395
277495
277595
277695
277795
277895
277995
278095
278195
278295
278395
278495
278595
278695
278795
278895
278995
279095
279195
279295
279395
279495
279595
279695
279795
279895
279995
280095
280195
280295
280395
280495
280595
280695
280795
280895
280995
281095
281195
281295
281395
281495
281595
281695
281795
281895
281995
282095
282195
282295
282395
282495
282595
282695
282795
282895
282995
283095
283195
283295
283395
283495
283595
283695
283795
283895
283995
284095
284195
284295
284395
284495
284595
284695
284795
284895
284995
285095
285195
285295
285395
285495
285595
285695
285795
285895
285995
286095
286195
286295
286395
286495
286595
286695
286795
286895
286995
287095
287195
287295
287395
287495
287595
287695
287795
287895
287995
288095
288195
288295
288395
288495
288595
288695
288795
288895
288995
289095
289195
289295
289395
289495
289595
289695
289795
289895
289995
290095
290195
290295
290395
290495
290595
290695
290795
290895
290995
291095
291195
291295
291395
291495
291595
291695
291795
291895
291995
292095
292195
292295
292395
292495
292595
292695
292795
292895
292995
293095
293195
293295
293395
293495
293595
293695
293795
293895
293995
294095
294195
294295
294395
294495
294595
294695
294795
294895
294995
295095
295195
295295
295395
295495
295595
295695
295795
295895
295995
296095
296195
296295
296395
296495
296595
296695
296795
296895
296995
297095
297195
297295
297395
297495
297595
297695
297795
297895
297995
298095
298195
298295
298395
298495
298595
298695
298795
298895
298995
299095
299195
299295
299395
299495
299595
299695
299795
299895
299995
300095
300195
300295
300395
300495
300595
300695
300795
300895
300995
301095
301195
301295
301395
301495
301595
301695
301795
301895
301995
302095
302195
302295
302395
302495
302595
302695
302795
302895
302995
303095
303195
303295
303395
303495
303595
303695
303795
303895
303995
304095
304195
304295
304395
304495
304595
304695
304795
304895
304995
305095
305195
305295
305395
305495
305595
305695
305795
305895
305995
306095
306195
306295
306395
306495
306595
306695
306795
306895
306995
307095
307195
307295
307395
307495
307595
307695
307795
307895
307995
308095
308195
308295
308395
308495
308595
308695
308795
308895
308995
309095
309195
309295
309395
309495
309595
309695
309795
309895
309995
310095
310195
310295
310395
310495
310595
310695
310795
310895
310995
311095
311195
311295
311395
311495
311595
311695
311795
311895
311995
312095
312195
312295
312395
312495
312595
312695
312795
312895
312995
313095
313195
313295
313395
313495
313595
313695
313795
313895
313995
314095
314195
314295
314395
314495
314595
314695
314795
314895
314995
315095
315195
315295
315395
315495
315595
315695
315795
315895
315995
316095
316195
316295
316395
316495
316595
316695
316795
316895
316995
317095
317195
317295
317395
317495
317595
317695
317795
317895
317995
318095
318195
318295
318395
318495
318595
318695
318795
318895
318995
319095
319195
319295
319395
319495
319595
319695
319795
319895
319995
320095
320195
320295
320395
320495
320595
320695
320795
320895
320995
321095
321195
321295
321395
321495
321595
321695
321795
321895
321995
322095
322195
322295
322395
322495
322595
322695
322795
322895
322995
323095
323195
323295
323395
323495
323595
323695
323795
323895
323995
324095
324195
324295
324395
324495
324595
324695
324795
324895
324995
325095
325195
325295
325395
325495
325595
325695
325795
325895
325995
326095
326195
326295
326395
326495
326595
326695
326795
326895
326995
327095
327195
327295
327395
327495
327595
327695
327795
327895
327995
328095
328195
328295
328395
328495
328595
328695
328795
328895
328995
329095
329195
329295
329395
329495
329595
329695
329795
329895
329995
330095
330195
330295
330395
330495
330595
330695
330795
330895
330995
331095
331195
331295
331395
331495
331595
331695
331795
331895
331995
332095
332195
332295
332395
332495
332595
332695
332795
332895
332995
333095
333195
333295
333395
333495
333595
333695
333795
333895
333995
334095
334195
334295
334395
334495
334595
334695
334795
334895
334995
335095
335195
335295
335395
335495
335595
335695
335795
335895
335995
336095
336195
336295
336395
336495
336595
336695
336795
336895
336995
337095
337195
337295
337395
337495
337595
337695
337795
337895
337995
338095
338195
338295
338395
338495
338595
338695
338795
338895
338995
339095
339195
339295
339395
339495
339595
339695
339795
339895
339995
340095
340195
340295
340395
340495
340595
340695
340795
340895
340995
341095
341195
341295
341395
341495
341595
341695
341795
341895
341995
342095
342195
342295
342395
342495
342595
342695
342795
342895
342995
343095
343195
343295
343395
343495
343595
343695
343795
343895
343995
344095
344195
344295
344395
344495
344595
344695
344795
344895
344995
345095
345195
345295
345395
345495
345595
345695
345795
345895
345995
346095
346195
346295
346395
346495
346595
346695
346795
346895
346995
347095
347195
347295
347395
347495
347595
347695
347795
347895
347995
348095
348195
348295
348395
348495
348595
348695
348795
348895
348995
349095
349195
349295
349395
349495
349595
349695
349795
349895
349995
350095
350195
350295
350395
350495
350595
350695
350795
350895
350995
351095
351195
351295
351395
351495
351595
351695
351795
351895
351995
352095
352195
352295
352395
352495
352595
352695
352795
352895
352995
353095
353195
353295
353395
353495
353595
353695
353795
353895
353995
354095
354195
354295
354395
354495
354595
354695
354795
354895
354995
355095
355195
355295
355395
355495
355595
355695
355795
355895
355995
356095
356195
356295
356395
356495
356595
356695
356795
356895
356995
357095
357195
357295
357395
357495
357595
357695
357795
357895
357995
358095
358195
358295
358395
358495
358595
358695
358795
358895
358995
359095
359195
359295
359395
359495
359595
359695
359795
359895
359995
360095
360195
360295
360395
360495
360595
360695
360795
360895
360995
361095
361195
361295
361395
361495
361595
361695
361795
361895
361995
362095
362195
362295
362395
362495
362595
362695
362795
362895
362995
363095
363195
363295
363395
363495
363595
363695
363795
363895
363995
364095
364195
364295
364395
364495
364595
364695
364795
364895
364995
365095
365195
365295
365395
365495
365595
365695
365795
365895
365995
366095
366195
366295
366395
366495
366595
366695
366795
366895
366995
367095
367195
367295
367395
367495
367595
367695
367795
367895
367995
368095
368195
368295
368395
368495
368595
368695
368795
368895
368995
369095
369195
369295
369395
369495
369595
369695
369795
369895
369995
370095
370195
370295
370395
370495
370595
370695
370795
370895
370995
371095
371195
371295
371395
371495
371595
371695
371795
371895
371995
372095
372195
372295
372395
372495
372595
372695
372795
372895
372995
373095
373195
373295
373395
373495
373595
373695
373795
373895
373995
374095
374195
374295
374395
374495
374595
374695
374795
374895
374995
375095
375195
375295
375395
375495
375595
375695
375795
375895
375995
376095
376195
376295
376395
376495
376595
376695
376795
376895
376995
377095
377195
377295
377395
377495
377595
377695
377795
377895
377995
378095
378195
378295
378395
378495
378595
378695
378795
378895
378995
379095
379195
379295
379395
379495
379595
379695
379795
379895
379995
380095
380195
380295
380395
380495
380595
380695
380795
380895
380995
381095
381195
381295
381395
381495
381595
381695
381795
381895
381995
382095
382195
382295
382395
382495
382595
382695
382795
382895
382995
383095
383195
383295
383395
383495
383595
383695
383795
383895
383995
384095
384195
384295
384395
384495
384595
384695
384795
384895
384995
385095
385195
385295
385395
385495
385595
385695
385795
385895
385995
386095
386195
386295
386395
386495
386595
386695
386795
386895
386995
387095
387195
387295
387395
387495
387595
387695
387795
387895
387995
388095
388195
388295
388395
388495
388595
388695
388795
388895
388995
389095
389195
389295
389395
389495
389595
389695
389795
389895
389995
390095
390195
390295
390395
390495
390595
390695
390795
390895
390995
391095
391195
391295
391395
391495
391595
391695
391795
391895
391995
392095
392195
392295
392395
392495
392595
392695
392795
392895
392995
393095
393195
393295
393395
393495
393595
393695
393795
393895
393995
394095
394195
394295
394395
394495
394595
394695
394795
394895
394995
395095
395195
395295
395395
395495
395595
395695
395795
395895
395995
396095
396195
396295
396395
396495
396595
396695
396795
396895
396995
397095
397195
397295
397395
397495
397595
397695
397795
397895
397995
398095
398195
398295
398395
398495
398595
398695
398795
398895
398995
399095
399195
399295
399395
399495
399595
399695
399795
399895
399995
400095
400195
400295
400395
400495
400595
400695
400795
400895
400995
401095
401195
401295
401395
401495
401595
401695
401795
401895
401995
402095
402195
402295
402395
402495
402595
402695
402795
402895
402995
403095
403195
403295
403395
403495
403595
403695
403795
403895
403995
404095
404195
404295
404395
404495
404595
404695
404795
404895
404995
405095
405195
405295
405395
405495
405595
405695
405795
405895
405995
406095
406195
406295
406395
406495
406595
406695
406795
406895
406995
407095
407195
407295
407395
407495
407595
407695
407795
407895
407995
408095
408195
408295
408395
408495
408595
408695
408795
408895
408995
409095
409195
409295
409395
409495
409595
409695
409795
409895
409995
410095
410195
410295
410395
410495
410595
410695
410795
410895
410995
411095
411195
411295
411395
411495
411595
411695
411795
411895
411995
412095
412195
412295
412395
412495
412595
412695
412795
412895
412995
413095
413195
413295
413395
413495
413595
413695
413795
413895
413995
414095
414195
414295
414395
414495
414595
414695
414795
414895
414995
415095
415195
415295
415395
415495
415595
415695
415795
415895
415995
416095
416195
416295
416395
416495
416595
416695
416795
416895
416995
417095
417195
417295
417395
417495
417595
417695
417795
417895
417995
418095
418195
418295
418395
418495
418595
418695
418795
418895
418995
419095
419195
419295
419395
419495
419595
419695
419795
419895
419995
420095
420195
420295
420395
420495
420595
420695
420795
420895
420995
421095
421195
421295
421395
421495
421595
421695
421795
421895
421995
422095
422195
422295
422395
422495
422595
422695
422795
422895
422995
423095
423195
423295
423395
423495
423595
423695
423795
423895
423995
424095
424195
424295
424395
424495
424595
424695
424795
424895
424995
425095
425195
425295
425395
425495
425595
425695
425795
425895
425995
426095
426195
426295
426395
426495
426595
426695
426795
426895
426995
427095
427195
427295
427395
427495
427595
427695
427795
427895
427995
428095
428195
428295
428395
428495
428595
428695
428795
428895
428995
429095
429195
429295
429395
429495
429595
429695
429795
429895
429995
430095
430195
430295
430395
430495
430595
430695
430795
430895
430995
431095
431195
431295
431395
431495
431595
431695
431795
431895
431995
432095
432195
432295
432395
432495
432595
432695
432795
432895
432995
433095
433195
433295
433395
433495
433595
433695
433795
433895
433995
434095
434195
434295
434395
434495
434595
434695
434795
434895
434995
435095
435195
435295
435395
435495
435595
435695
435795
435895
435995
436095
436195
436295
436395
436495
436595
436695
436795
436895
436995
437095
437195
437295
437395
437495
437595
437695
437795
437895
437995
438095
438195
438295
438395
438495
438595
438695
438795
438895
438995
439095
439195
439295
439395
439495
439595
439695
439795
439895
439995
440095
440195
440295
440395
440495
440595
440695
440795
440895
440995
441095
441195
441295
441395
441495
441595
441695
441795
441895
441995
442095
442195
442295
442395
442495
442595
442695
442795
442895
442995
443095
443195
443295
443395
443495
443595
443695
443795
443895
443995
444095
444195
444295
444395
444495
444595
444695
444795
444895
444995
445095
445195
445295
445395
445495
445595
445695
445795
445895
445995
446095
446195
446295
446395
446495
446595
446695
446795
446895
446995
447095
447195
447295
447395
447495
447595
447695
447795
447895
447995
448095
448195
448295
448395
448495
448595
448695
448795
448895
448995
449095
449195
449295
449395
449495
449595
449695
449795
449895
449995
450095
450195
450295
450395
450495
450595
450695
450795
450895
450995
451095
451195
451295
451395
451495
451595
451695
451795
451895
451995
452095
452195
452295
452395
452495
452595
452695
452795
452895
452995
453095
453195
453295
453395
453495
453595
453695
453795
453895
453995
454095
454195
454295
454395
454495
454595
454695
454795
454895
454995
455095
455195
455295
455395
455495
455595
455695
455795
455895
455995
456095
456195
456295
456395
456495
456595
456695
456795
456895
456995
457095
457195
457295
457395
457495
457595
457695
457795
457895
457995
458095
458195
458295
458395
458495
458595
458695
458795
458895
458995
459095
459195
459295
459395
459495
459595
459695
459795
459895
459995
460095
460195
460295
460395
460495
460595
460695
460795
460895
460995
461095
461195
461295
461395
461495
461595
461695
461795
461895
461995
462095
462195
462295
462395
462495
462595
462695
462795
462895
462995
463095
463195
463295
463395
463495
463595
463695
463795
463895
463995
464095
464195
464295
464395
464495
464595
464695
464795
464895
464995
465095
465195
465295
465395
465495
465595
465695
465795
465895
465995
466095
466195
466295
466395
466495
466595
466695
466795
466895
466995
467095
467195
467295
467395
467495
467595
467695
467795
467895
467995
468095
468195
468295
468395
468495
468595
468695
468795
468895
468995
469095
469195
469295
469395
469495
469595
469695
469795
469895
469995
470095
470195
470295
470395
470495
470595
470695
470795
470895
470995
471095
471195
471295
471395
471495
471595
471695
471795
471895
471995
472095
472195
472295
472395
472495
472595
472695
472795
472895
472995
473095
473195
473295
473395
473495
473595
473695
473795
473895
473995
474095
474195
474295
474395
474495
474595
474695
474795
474895
474995
475095
475195
475295
475395
475495
475595
475695
475795
475895
475995
476095
476195
476295
476395
476495
476595
476695
476795
476895
476995
477095
477195
477295
477395
477495
477595
477695
477795
477895
477995
478095
478195
478295
478395
478495
478595
478695
478795
478895
478995
479095
479195
479295
479395
479495
479595
479695
479795
479895
479995
480095
480195
480295
480395
480495
480595
480695
480795
480895
480995
481095
481195
481295
481395
481495
481595
481695
481795
481895
481995
482095
482195
482295
482395
482495
482595
482695
482795
482895
482995
483095
483195
483295
483395
483495
483595
483695
483795
483895
483995
484095
484195
484295
484395
484495
484595
484695
484795
484895
484995
485095
485195
485295
485395
485495
485595
485695
485795
485895
485995
486095
486195
486295
486395
486495
486595
486695
486795
486895
486995
487095
487195
487295
487395
487495
487595
487695
487795
487895
487995
488095
488195
488295
488395
488495
488595
488695
488795
488895
488995
489095
489195
489295
489395
489495
489595
489695
489795
489895
489995
490095
490195
490295
490395
490495
490595
490695
490795
490895
490995
491095
491195
491295
491395
491495
491595
491695
491795
491895
491995
492095
492195
492295
492395
492495
492595
492695
492795
492895
492995
493095
493195
493295
493395
493495
493595
493695
493795
493895
493995
494095
494195
494295
494395
494495
494595
494695
494795
494895
494995
495095
495195
495295
495395
495495
495595
495695
495795
495895
495995
496095
496195
496295
496395
496495
496595
496695
496795
496895
496995
497095
497195
497295
497395
497495
497595
497695
497795
497895
497995
498095
498195
498295
498395
498495
498595
498695
498795
498895
498995
499095
499195
499295
499395
499495
499595
499695
499795
499895
499995
500095
500195
500295
500395
500495
500595
500695
500795
500895
500995
501095
501195
501295
501395
501495
501595
501695
501795
501895
501995
502095
502195
502295
502395
502495
502595
502695
502795
502895
502995
503095
503195
503295
503395
503495
503595
503695
503795
503895
503995
504095
504195
504295
504395
504495
504595
504695
504795
504895
504995
505095
505195
505295
505395
505495
505595
505695
505795
505895
505995
506095
506195
506295
506395
506495
506595
506695
506795
506895
506995
507095
507195
507295
507395
507495
507595
507695
507795
507895
507995
508095
508195
508295
508395
508495
508595
508695
508795
508895
508995
509095
509195
509295
509395
509495
509595
509695
509795
509895
509995
510095
510195
510295
510395
510495
510595
510695
510795
510895
510995
511095
511195
511295
511395
511495
511595
511695
511795
511895
511995
512095
512195
512295
512395
512495
512595
512695
512795
512895
512995
513095
513195
513295
513395
513495
513595
513695
513795
513895
513995
514095
514195
514295
514395
514495
514595
514695
514795
514895
514995
515095
515195
515295
515395
515495
515595
515695
515795
515895
515995
516095
516195
516295
516395
516495
516595
516695
516795
516895
516995
517095
517195
517295
517395
517495
517595
517695
517795
517895
517995
518095
518195
518295
518395
518495
518595
518695
518795
518895
518995
519095
519195
519295
519395
519495
519595
519695
519795
519895
519995
520095
520195
520295
520395
520495
520595
520695
520795
520895
520995
521095
521195
521295
521395
521495
521595
521695
521795
521895
521995
522095
522195
522295
522395
522495
522595
522695
522795
522895
522995
523095
523195
523295
523395
523495
523595
523695
523795
523895
523995
524095
524195
524295
524395
524495
524595
524695
524795
524895
524995
525095
525195
525295
525395
525495
525595
525695
525795
525895
525995
526095
526195
526295
526395
526495
526595
526695
526795
526895
526995
527095
527195
527295
527395
527495
527595
527695
527795
527895
527995
528095
528195
528295
528395
528495
528595
528695
528795
528895
528995
529095
529195
529295
529395
529495
529595
529695
529795
529895
529995
530095
530195
530295
530395
530495
530595
530695
530795
530895
530995
531095
531195
531295
531395
531495
531595
531695
531795
531895
531995
532095
532195
532295
532395
532495
532595
532695
532795
532895
532995
533095
533195
533295
533395
533495
533595
533695
533795
533895
533995
534095
534195
534295
534395
534495
534595
534695
534795
534895
534995
535095
535195
535295
535395
535495
535595
535695
535795
535895
535995
536095
536195
536295
536395
536495
536595
536695
536795
536895
536995
537095
537195
537295
537395
537495
537595
537695
537795
537895
537995
538095
538195
538295
538395
538495
538595
538695
538795
538895
538995
539095
539195
539295
539395
539495
539595
539695
539795
539895
539995
540095
540195
540295
540395
540495
540595
540695
540795
540895
540995
541095
541195
541295
541395
541495
541595
541695
541795
541895
541995
542095
542195
542295
542395
542495
542595
542695
542795
542895
542995
543095
543195
543295
543395
543495
543595
543695
543795
543895
543995
544095
544195
544295
544395
544495
544595
544695
544795
544895
544995
545095
545195
545295
545395
545495
545595
545695
545795
545895
545995
546095
546195
546295
546395
546495
546595
546695
546795
546895
546995
547095
547195
547295
547395
547495
547595
547695
547795
547895
547995
548095
548195
548295
548395
548495
548595
548695
548795
548895
548995
549095
549195
549295
549395
549495
549595
549695
549795
549895
549995
550095
550195
550295
550395
550495
550595
550695
550795
550895
550995
551095
551195
551295
551395
551495
551595
551695
551795
551895
551995
552095
552195
552295
552395
552495
552595
552695
552795
552895
552995
553095
553195
553295
553395
553495
553595
553695
553795
553895
553995
554095
554195
554295
554395
554495
554595
554695
554795
554895
554995
555095
555195
555295
555395
555495
555595
555695
555795
555895
555995
556095
556195
556295
556395
556495
556595
556695
556795
556895
556995
557095
557195
557295
557395
557495
557595
557695
557795
557895
557995
558095
558195
558295
558395
558495
558595
558695
558795
558895
558995
559095
559195
559295
559395
559495
559595
559695
559795
559895
559995
560095
560195
560295
560395
560495
560595
560695
560795
560895
560995
561095
561195
561295
561395
561495
561595
561695
561795
561895
561995
562095
562195
562295
562395
562495
562595
562695
562795
562895
562995
563095
563195
563295
563395
563495
563595
563695
563795
563895
563995
564095
564195
564295
564395
564495
564595
564695
564795
564895
564995
565095
565195
565295
565395
565495
565595
565695
565795
565895
565995
566095
566195
566295
566395
566495
566595
566695
566795
566895
566995
567095
567195
567295
567395
567495
567595
567695
567795
567895
567995
568095
568195
568295
568395
568495
568595
568695
568795
568895
568995
569095
569195
569295
569395
569495
569595
569695
569795
569895
569995
570095
570195
570295
570395
570495
570595
570695
570795
570895
570995
571095
571195
571295
571395
571495
571595
571695
571795
571895
571995
572095
572195
572295
572395
572495
572595
572695
572795
572895
572995
573095
573195
573295
573395
573495
573595
573695
573795
573895
573995
574095
574195
574295
574395
574495
574595
574695
574795
574895
574995
575095
575195
575295
575395
575495
575595
575695
575795
575895
575995
576095
576195
576295
576395
576495
576595
576695
576795
576895
576995
577095
577195
577295
577395
577495
577595
577695
577795
577895
577995
578095
578195
578295
578395
578495
578595
578695
578795
578895
578995
579095
579195
579295
579395
579495
579595
579695
579795
579895
579995
580095
580195
580295
580395
580495
580595
580695
580795
580895
580995
581095
581195
581295
581395
581495
581595
581695
581795
581895
581995
582095
582195
582295
582395
582495
582595
582695
582795
582895
582995
583095
583195
583295
583395
583495
583595
583695
583795
583895
583995
584095
584195
584295
584395
584495
584595
584695
584795
584895
584995
585095
585195
585295
585395
585495
585595
585695
585795
585895
585995
586095
586195
586295
586395
586495
586595
586695
586795
586895
586995
587095
587195
587295
587395
587495
587595
587695
587795
587895
587995
588095
588195
588295
588395
588495
588595
588695
588795
588895
588995
589095
589195
589295
589395
589495
589595
589695
589795
589895
589995
590095
590195
590295
590395
590495
590595
590695
590795
590895
590995
591095
591195
591295
591395
591495
591595
591695
591795
591895
591995
592095
592195
592295
592395
592495
592595
592695
592795
592895
592995
593095
593195
593295
593395
593495
593595
593695
593795
593895
593995
594095
594195
594295
594395
594495
594595
594695
594795
594895
594995
595095
595195
595295
595395
595495
595595
595695
595795
595895
595995
596095
596195
596295
596395
596495
596595
596695
596795
596895
596995
597095
597195
597295
597395
597495
597595
597695
597795
597895
597995
598095
598195
598295
598395
598495
598595
598695
598795
598895
598995
599095
599195
599295
599395
599495
599595
599695
599795
599895
599995
600095
600195
600295
600395
600495
600595
600695
600795
600895
600995
601095
601195
601295
601395
601495
601595
601695
601795
601895
601995
602095
602195
602295
602395
602495
602595
602695
602795
602895
602995
603095
603195
603295
603395
603495
603595
603695
603795
603895
603995
604095
604195
604295
604395
604495
604595
604695
604795
604895
604995
605095
605195
605295
605395
605495
605595
605695
605795
605895
605995
606095
606195
606295
606395
606495
606595
606695
606795
606895
606995
607095
607195
607295
607395
607495
607595
607695
607795
607895
607995
608095
608195
608295
608395
608495
608595
608695
608795
608895
608995
609095
609195
609295
609395
609495
609595
609695
609795
609895
609995
610095
610195
610295
610395
610495
610595
610695
610795
610895
610995
611095
611195
611295
611395
611495
611595
611695
611795
611895
611995
612095
612195
612295
612395
612495
612595
612695
612795
612895
612995
613095
613195
613295
613395
613495
613595
613695
613795
613895
613995
614095
614195
614295
614395
614495
614595
614695
614795
614895
614995
615095
615195
615295
615395
615495
615595
615695
615795
615895
615995
616095
616195
616295
616395
616495
616595
616695
616795
616895
616995
617095
617195
617295
617395
617495
617595
617695
617795
617895
617995
618095
618195
618295
618395
618495
618595
618695
618795
618895
618995
619095
619195
619295
619395
619495
619595
619695
619795
619895
619995
620095
620195
620295
620395
620495
620595
620695
620795
620895
620995
621095
621195
621295
621395
621495
621595
621695
621795
621895
621995
622095
622195
622295
622395
622495
622595
622695
622795
622895
622995
623095
623195
623295
623395
623495
623595
623695
623795
623895
623995
624095
624195
624295
624395
624495
624595
624695
624795
624895
624995
625095
625195
625295
625395
625495
625595
625695
625795
625895
625995
626095
626195
626295
626395
626495
626595
626695
626795
626895
626995
627095
627195
627295
627395
627495
627595
627695
627795
627895
627995
628095
628195
628295
628395
628495
628595
628695
628795
628895
628995
629095
629195
629295
629395
629495
629595
629695
629795
629895
629995
630095
630195
630295
630395
630495
630595
630695
630795
630895
630995
631095
631195
631295
631395
631495
631595
631695
631795
631895
631995
632095
632195
632295
632395
632495
632595
632695
632795
632895
632995
633095
633195
633295
633395
633495
633595
633695
633795
633895
633995
634095
634195
634295
634395
634495
634595
634695
634795
634895
634995
635095
635195
635295
635395
635495
635595
635695
635795
635895
635995
636095
636195
636295
636395
636495
636595
636695
636795
636895
636995
637095
637195
637295
637395
637495
637595
637695
637795
637895
637995
638095
638195
638295
638395
638495
638595
638695
638795
638895
638995
639095
639195
639295
639395
639495
639595
639695
639795
639895
639995
640095
640195
640295
640395
640495
640595
640695
640795
640895
640995
641095
641195
641295
641395
641495
641595
641695
641795
641895
641995
642095
642195
642295
642395
642495
642595
642695
642795
642895
642995
643095
643195
643295
643395
643495
643595
643695
643795
643895
643995
644095
644195
644295
644395
644495
644595
644695
644795
644895
644995
645095
645195
645295
645395
645495
645595
645695
645795
645895
645995
646095
646195
646295
646395
646495
646595
646695
646795
646895
646995
647095
647195
647295
647395
647495
647595
647695
647795
647895
647995
648095
648195
648295
648395
648495
648595
648695
648795
648895
648995
649095
649195
649295
649395
649495
649595
649695
649795
649895
649995
650095
650195
650295
650395
650495
650595
650695
650795
650895
650995
651095
651195
651295
651395
651495
651595
651695
651795
651895
651995
652095
652195
652295
652395
652495
652595
652695
652795
652895
652995
653095
653195
653295
653395
653495
653595
653695
653795
653895
653995
654095
654195
654295
654395
654495
654595
654695
654795
654895
654995
655095
655195
655295
655395
655495
655595
655695
655795
655895
655995
656095
656195
656295
656395
656495
656595
656695
656795
656895
656995
657095
657195
657295
657395
657495
657595
657695
657795
657895
657995
658095
658195
658295
658395
658495
658595
658695
658795
658895
658995
659095
659195
659295
659395
659495
659595
659695
659795
659895
659995
660095
660195
660295
660395
660495
660595
660695
660795
660895
660995
661095
661195
661295
661395
661495
661595
661695
661795
661895
661995
662095
662195
662295
662395
662495
662595
662695
662795
662895
662995
663095
663195
663295
663395
663495
663595
663695
663795
663895
663995
664095
664195
664295
664395
664495
664595
664695
664795
664895
664995
665095
665195
665295
665395
665495
665595
665695
665795
665895
665995
666095
666195
666295
666395
666495
666595
666695
666795
666895
666995
667095
667195
667295
667395
667495
667595
667695
667795
667895
667995
668095
668195
668295
668395
668495
668595
668695
668795
668895
668995
669095
669195
669295
669395
669495
669595
669695
669795
669895
669995
670095
670195
670295
670395
670495
670595
670695
670795
670895
670995
671095
671195
671295
671395
671495
671595
671695
671795
671895
671995
672095
672195
672295
672395
672495
672595
672695
672795
672895
672995
673095
673195
673295
673395
673495
673595
673695
673795
673895
673995
674095
674195
674295
674395
674495
674595
674695
674795
674895
674995
675095
675195
675295
675395
675495
675595
675695
675795
675895
675995
676095
676195
676295
676395
676495
676595
676695
676795
676895
676995
677095
677195
677295
677395
677495
677595
677695
677795
677895
677995
678095
678195
678295
678395
678495
678595
678695
678795
678895
678995
679095
679195
679295
679395
679495
679595
679695
679795
679895
679995
680095
680195
680295
680395
680495
680595
680695
680795
680895
680995
681095
681195
681295
681395
681495
681595
681695
681795
681895
681995
682095
682195
682295
682395
682495
682595
682695
682795
682895
682995
683095
683195
683295
683395
683495
683595
683695
683795
683895
683995
684095
684195
684295
684395
684495
684595
684695
684795
684895
684995
685095
685195
685295
685395
685495
685595
685695
685795
685895
685995
686095
686195
686295
686395
686495
686595
686695
686795
686895
686995
687095
687195
687295
687395
687495
687595
687695
687795
687895
687995
688095
688195
688295
688395
688495
688595
688695
688795
688895
688995
689095
689195
689295
689395
689495
689595
689695
689795
689895
689995
690095
690195
690295
690395
690495
690595
690695
690795
690895
690995
691095
691195
691295
691395
691495
691595
691695
691795
691895
691995
692095
692195
692295
692395
692495
692595
692695
692795
692895
692995
693095
693195
693295
693395
693495
693595
693695
693795
693895
693995
694095
694195
694295
694395
694495
694595
694695
694795
694895
694995
695095
695195
695295
695395
695495
695595
695695
695795
695895
695995
696095
696195
696295
696395
696495
696595
696695
696795
696895
696995
697095
697195
697295
697395
697495
697595
697695
697795
697895
697995
698095
698195
698295
698395
698495
698595
698695
698795
698895
698995
699095
699195
699295
699395
699495
699595
699695
699795
699895
699995
700095
700195
700295
700395
700495
700595
700695
700795
700895
700995
701095
701195
701295
701395
701495
701595
701695
701795
701895
701995
702095
702195
702295
702395
702495
702595
702695
702795
702895
702995
703095
703195
703295
703395
703495
703595
703695
703795
703895
703995
704095
704195
704295
704395
704495
704595
704695
704795
704895
704995
705095
705195
705295
705395
705495
705595
705695
705795
705895
705995
706095
706195
706295
706395
706495
706595
706695
706795
706895
706995
707095
707195
707295
707395
707495
707595
707695
707795
707895
707995
708095
708195
708295
708395
708495
708595
708695
708795
708895
708995
709095
709195
709295
709395
709495
709595
709695
709795
709895
709995
710095
710195
710295
710395
710495
710595
710695
710795
710895
710995
711095
711195
711295
711395
711495
711595
711695
711795
711895
711995
712095
712195
712295
712395
712495
712595
712695
712795
712895
712995
713095
713195
713295
713395
713495
713595
713695
713795
713895
713995
714095
714195
714295
714395
714495
714595
714695
714795
714895
714995
715095
715195
715295
715395
715495
715595
715695
715795
715895
715995
716095
716195
716295
716395
716495
716595
716695
716795
716895
716995
717095
717195
717295
717395
717495
717595
717695
717795
717895
717995
718095
718195
718295
718395
718495
718595
718695
718795
718895
718995
719095
719195
719295
719395
719495
719595
719695
719795
719895
719995
720095
720195
720295
720395
720495
720595
720695
720795
720895
720995
721095
721195
721295
721395
721495
721595
721695
721795
721895
721995
722095
722195
722295
722395
722495
722595
722695
722795
722895
722995
723095
723195
723295
723395
723495
723595
723695
723795
723895
723995
724095
724195
724295
724395
724495
724595
724695
724795
724895
724995
725095
725195
725295
725395
725495
725595
725695
725795
725895
725995
726095
726195
726295
726395
726495
726595
726695
726795
726895
726995
727095
727195
727295
727395
727495
727595
727695
727795
727895
727995
728095
728195
728295
728395
728495
728595
728695
728795
728895
728995
729095
729195
729295
729395
729495
729595
729695
729795
729895
729995
730095
730195
730295
730395
730495
730595
730695
730795
730895
730995
731095
731195
731295
731395
731495
731595
731695
731795
731895
731995
732095
732195
732295
732395
732495
732595
732695
732795
732895
732995
733095
733195
733295
733395
733495
733595
733695
733795
733895
733995
734095
734195
734295
734395
734495
734595
734695
734795
734895
734995
735095
735195
735295
735395
735495
735595
735695
735795
735895
735995
736095
736195
736295
736395
736495
736595
736695
736795
736895
736995
737095
737195
737295
737395
737495
737595
737695
737795
737895
737995
738095
738195
738295
738395
738495
738595
738695
738795
738895
738995
739095
739195
739295
739395
739495
739595
739695
739795
739895
739995
740095
740195
740295
740395
740495
740595
740695
740795
740895
740995
741095
741195
741295
741395
741495
741595
741695
741795
741895
741995
742095
742195
742295
742395
742495
742595
742695
742795
742895
742995
743095
743195
743295
743395
743495
743595
743695
743795
743895
743995
744095
744195
744295
744395
744495
744595
744695
744795
744895
744995
745095
745195
745295
745395
745495
745595
745695
745795
745895
745995
746095
746195
746295
746395
746495
746595
746695
746795
746895
746995
747095
747195
747295
747395
747495
747595
747695
747795
747895
747995
748095
748195
748295
748395
748495
748595
748695
748795
748895
748995
749095
749195
749295
749395
749495
749595
749695
749795
749895
749995
750095
750195
750295
750395
750495
750595
750695
750795
750895
750995
751095
751195
751295
751395
751495
751595
751695
751795
751895
751995
752095
752195
752295
752395
752495
752595
752695
752795
752895
752995
753095
753195
753295
753395
753495
753595
753695
753795
753895
753995
754095
754195
754295
754395
754495
754595
754695
754795
754895
754995
755095
755195
755295
755395
755495
755595
755695
755795
755895
755995
756095
756195
756295
756395
756495
756595
756695
756795
756895
756995
757095
757195
757295
757395
757495
757595
757695
757795
757895
757995
758095
758195
758295
758395
758495
758595
758695
758795
758895
758995
759095
759195
759295
759395
759495
759595
759695
759795
759895
759995
760095
760195
760295
760395
760495
760595
760695
760795
760895
760995
761095
761195
761295
761395
761495
761595
761695
761795
761895
761995
762095
762195
762295
762395
762495
762595
762695
762795
762895
762995
763095
763195
763295
763395
763495
763595
763695
763795
763895
763995
764095
764195
764295
764395
764495
764595
764695
764795
764895
764995
765095
765195
765295
765395
765495
765595
765695
765795
765895
765995
766095
766195
766295
766395
766495
766595
766695
766795
766895
766995
767095
767195
767295
767395
767495
767595
767695
767795
767895
767995
768095
768195
768295
768395
768495
768595
768695
768795
768895
768995
769095
769195
769295
769395
769495
769595
769695
769795
769895
769995
770095
770195
770295
770395
770495
770595
770695
770795
770895
770995
771095
771195
771295
771395
771495
771595
771695
771795
771895
771995
772095
772195
772295
772395
772495
772595
772695
772795
772895
772995
773095
773195
773295
773395
773495
773595
773695
773795
773895
773995
774095
774195
774295
774395
774495
774595
774695
774795
774895
774995
775095
775195
775295
775395
775495
775595
775695
775795
775895
775995
776095
776195
776295
776395
776495
776595
776695
776795
776895
776995
777095
777195
777295
777395
777495
777595
777695
777795
777895
777995
778095
778195
778295
778395
778495
778595
778695
778795
778895
778995
779095
779195
779295
779395
779495
779595
779695
779795
779895
779995
780095
780195
780295
780395
780495
780595
780695
780795
780895
780995
781095
781195
781295
781395
781495
781595
781695
781795
781895
781995
782095
782195
782295
782395
782495
782595
782695
782795
782895
782995
783095
783195
783295
783395
783495
783595
783695
783795
783895
783995
784095
784195
784295
784395
784495
784595
784695
784795
784895
784995
785095
785195
785295
785395
785495
785595
785695
785795
785895
785995
786095
786195
786295
786395
786495
786595
786695
786795
786895
786995
787095
787195
787295
787395
787495
787595
787695
787795
787895
787995
788095
788195
788295
788395
788495
788595
788695
788795
788895
788995
789095
789195
789295
789395
789495
789595
789695
789795
789895
789995
790095
790195
790295
790395
790495
790595
790695
790795
790895
790995
791095
791195
791295
791395
791495
791595
791695
791795
791895
791995
792095
792195
792295
792395
792495
792595
792695
792795
792895
792995
793095
793195
793295
793395
793495
793595
793695
793795
793895
793995
794095
794195
794295
794395
794495
794595
794695
794795
794895
794995
795095
795195
795295
795395
795495
795595
795695
795795
795895
795995
796095
796195
796295
796395
796495
796595
796695
796795
796895
796995
797095
797195
797295
797395
797495
797595
797695
797795
797895
797995
798095
798195
798295
798395
798495
798595
798695
798795
798895
798995
799095
799195
799295
799395
799495
799595
799695
799795
799895
799995
800095
800195
800295
800395
800495
800595
800695
800795
800895
800995
801095
801195
801295
801395
801495
801595
801695
801795
801895
801995
802095
802195
802295
802395
802495
802595
802695
802795
802895
802995
803095
803195
803295
803395
803495
803595
803695
803795
803895
803995
804095
804195
804295
804395
804495
804595
804695
804795
804895
804995
805095
805195
805295
805395
805495
805595
805695
805795
805895
805995
806095
806195
806295
806395
806495
806595
806695
806795
806895
806995
807095
807195
807295
807395
807495
807595
807695
807795
807895
807995
808095
808195
808295
808395
808495
808595
808695
808795
808895
808995
809095
809195
809295
809395
809495
809595
809695
809795
809895
809995
810095
810195
810295
810395
810495
810595
810695
810795
810895
810995
811095
811195
811295
811395
811495
811595
811695
811795
811895
811995
812095
812195
812295
812395
812495
812595
812695
812795
812895
812995
813095
813195
813295
813395
813495
813595
813695
813795
813895
813995
814095
814195
814295
814395
814495
814595
814695
814795
814895
814995
815095
815195
815295
815395
815495
815595
815695
815795
815895
815995
816095
816195
816295
816395
816495
816595
816695
816795
816895
816995
817095
817195
817295
817395
817495
817595
817695
817795
817895
817995
818095
818195
818295
818395
818495
818595
818695
818795
818895
818995
819095
819195
819295
819395
819495
819595
819695
819795
819895
819995
820095
820195
820295
820395
820495
820595
820695
820795
820895
820995
821095
821195
821295
821395
821495
821595
821695
821795
821895
821995
822095
822195
822295
822395
822495
822595
822695
822795
822895
822995
823095
823195
823295
823395
823495
823595
823695
823795
823895
823995
824095
824195
824295
824395
824495
824595
824695
824795
824895
824995
825095
825195
825295
825395
825495
825595
825695
825795
825895
825995
826095
826195
826295
826395
826495
826595
826695
826795
826895
826995
827095
827195
827295
827395
827495
827595
827695
827795
827895
827995
828095
828195
828295
828395
828495
828595
828695
828795
828895
828995
829095
829195
829295
829395
829495
829595
829695
829795
829895
829995
830095
830195
830295
830395
830495
830595
830695
830795
830895
830995
831095
831195
831295
831395
831495
831595
831695
831795
831895
831995
832095
832195
832295
832395
832495
832595
832695
832795
832895
832995
833095
833195
833295
833395
833495
833595
833695
833795
833895
833995
834095
834195
834295
834395
834495
834595
834695
834795
834895
834995
835095
835195
835295
835395
835495
835595
835695
835795
835895
835995
836095
836195
836295
836395
836495
836595
836695
836795
836895
836995
837095
837195
837295
837395
837495
837595
837695
837795
837895
837995
838095
838195
838295
838395
838495
838595
838695
838795
838895
838995
839095
839195
839295
839395
839495
839595
839695
839795
839895
839995
840095
840195
840295
840395
840495
840595
840695
840795
840895
840995
841095
841195
841295
841395
841495
841595
841695
841795
841895
841995
842095
842195
842295
842395
842495
842595
842695
842795
842895
842995
843095
843195
843295
843395
843495
843595
843695
843795
843895
843995
844095
844195
844295
844395
844495
844595
844695
844795
844895
844995
845095
845195
845295
845395
845495
845595
845695
845795
845895
845995
846095
846195
846295
846395
846495
846595
846695
846795
846895
846995
847095
847195
847295
847395
847495
847595
847695
847795
847895
847995
848095
848195
848295
848395
848495
848595
848695
848795
848895
848995
849095
849195
849295
849395
849495
849595
849695
849795
849895
849995
850095
850195
850295
850395
850495
850595
850695
850795
850895
850995
851095
851195
851295
851395
851495
851595
851695
851795
851895
851995
852095
852195
852295
852395
852495
852595
852695
852795
852895
852995
853095
853195
853295
853395
853495
853595
853695
853795
853895
853995
854095
854195
854295
854395
854495
854595
854695
854795
854895
854995
855095
855195
855295
855395
855495
855595
855695
855795
855895
855995
856095
856195
856295
856395
856495
856595
856695
856795
856895
856995
857095
857195
857295
857395
857495
857595
857695
857795
857895
857995
858095
858195
858295
858395
858495
858595
858695
858795
858895
858995
859095
859195
859295
859395
859495
859595
859695
859795
859895
859995
860095
860195
860295
860395
860495
860595
860695
860795
860895
860995
861095
861195
861295
861395
861495
861595
861695
861795
861895
861995
862095
862195
862295
862395
862495
862595
862695
862795
862895
862995
863095
863195
863295
863395
863495
863595
863695
863795
863895
863995
864095
864195
864295
864395
864495
864595
864695
864795
864895
864995
865095
865195
865295
865395
865495
865595
865695
865795
865895
865995
866095
866195
866295
866395
866495
866595
866695
866795
866895
866995
867095
867195
867295
867395
867495
867595
867695
867795
867895
867995
868095
868195
868295
868395
868495
868595
868695
868795
868895
868995
869095
869195
869295
869395
869495
869595
869695
869795
869895
869995
870095
870195
870295
870395
870495
870595
870695
870795
870895
870995
871095
871195
871295
871395
871495
871595
871695
871795
871895
871995
872095
872195
872295
872395
872495
872595
872695
872795
872895
872995
873095
873195
873295
873395
873495
873595
873695
873795
873895
873995
874095
874195
874295
874395
874495
874595
874695
874795
874895
874995
875095
875195
875295
875395
875495
875595
875695
875795
875895
875995
876095
876195
876295
876395
876495
876595
876695
876795
876895
876995
877095
877195
877295
877395
877495
877595
877695
877795
877895
877995
878095
878195
878295
878395
878495
878595
878695
878795
878895
878995
879095
879195
879295
879395
879495
879595
879695
879795
879895
879995
880095
880195
880295
880395
880495
880595
880695
880795
880895
880995
881095
881195
881295
881395
881495
881595
881695
881795
881895
881995
882095
882195
882295
882395
882495
882595
882695
882795
882895
882995
883095
883195
883295
883395
883495
883595
883695
883795
883895
883995
884095
884195
884295
884395
884495
884595
884695
884795
884895
884995
885095
885195
885295
885395
885495
885595
885695
885795
885895
885995
886095
886195
886295
886395
886495
886595
886695
886795
886895
886995
887095
887195
887295
887395
887495
887595
887695
887795
887895
887995
888095
888195
888295
888395
888495
888595
888695
888795
888895
888995
889095
889195
889295
889395
889495
889595
889695
889795
889895
889995
890095
890195
890295
890395
890495
890595
890695
890795
890895
890995
891095
891195
891295
891395
891495
891595
891695
891795
891895
891995
892095
892195
892295
892395
892495
892595
892695
892795
892895
892995
893095
893195
893295
893395
893495
893595
893695
893795
893895
893995
894095
894195
894295
894395
894495
894595
894695
894795
894895
894995
895095
895195
895295
895395
895495
895595
895695
895795
895895
895995
896095
896195
896295
896395
896495
896595
896695
896795
896895
896995
897095
897195
897295
897395
897495
897595
897695
897795
897895
897995
898095
898195
898295
898395
898495
898595
898695
898795
898895
898995
899095
899195
899295
899395
899495
899595
899695
899795
899895
899995
900095
900195
900295
900395
900495
900595
900695
900795
900895
900995
901095
901195
901295
901395
901495
901595
901695
901795
901895
901995
902095
902195
902295
902395
902495
902595
902695
902795
902895
902995
903095
903195
903295
903395
903495
903595
903695
903795
903895
903995
904095
904195
904295
904395
904495
904595
904695
904795
904895
904995
905095
905195
905295
905395
905495
905595
905695
905795
905895
905995
906095
906195
906295
906395
906495
906595
906695
906795
906895
906995
907095
907195
907295
907395
907495
907595
907695
907795
907895
907995
908095
908195
908295
908395
908495
908595
908695
908795
908895
908995
909095
909195
909295
909395
909495
909595
909695
909795
909895
909995
910095
910195
910295
910395
910495
910595
910695
910795
910895
910995
911095
911195
911295
911395
911495
911595
911695
911795
911895
911995
912095
912195
912295
912395
912495
912595
912695
912795
912895
912995
913095
913195
913295
913395
913495
913595
913695
913795
913895
913995
914095
914195
914295
914395
914495
914595
914695
914795
914895
914995
915095
915195
915295
915395
915495
915595
915695
915795
915895
915995
916095
916195
916295
916395
916495
916595
916695
916795
916895
916995
917095
917195
917295
917395
917495
917595
917695
917795
917895
917995
918095
918195
918295
918395
918495
918595
918695
918795
918895
918995
919095
919195
919295
919395
919495
919595
919695
919795
919895
919995
920095
920195
920295
920395
920495
920595
920695
920795
920895
920995
921095
921195
921295
921395
921495
921595
921695
921795
921895
921995
922095
922195
922295
922395
922495
922595
922695
922795
922895
922995
923095
923195
923295
923395
923495
923595
923695
923795
923895
923995
924095
924195
924295
924395
924495
924595
924695
924795
924895
924995
925095
925195
925295
925395
925495
925595
925695
925795
925895
925995
926095
926195
926295
926395
926495
926595
926695
926795
926895
926995
927095
927195
927295
927395
927495
927595
927695
927795
927895
927995
928095
928195
928295
928395
928495
928595
928695
928795
928895
928995
929095
929195
929295
929395
929495
929595
929695
929795
929895
929995
930095
930195
930295
930395
930495
930595
930695
930795
930895
930995
931095
931195
931295
931395
931495
931595
931695
931795
931895
931995
932095
932195
932295
932395
932495
932595
932695
932795
932895
932995
933095
933195
933295
933395
933495
933595
933695
933795
933895
933995
934095
934195
934295
934395
934495
934595
934695
934795
934895
934995
935095
935195
935295
935395
935495
935595
935695
935795
935895
935995
936095
936195
936295
936395
936495
936595
936695
936795
936895
936995
937095
937195
937295
937395
937495
937595
937695
937795
937895
937995
938095
938195
938295
938395
938495
938595
938695
938795
938895
938995
939095
939195
939295
939395
939495
939595
939695
939795
939895
939995
940095
940195
940295
940395
940495
940595
940695
940795
940895
940995
941095
941195
941295
941395
941495
941595
941695
941795
941895
941995
942095
942195
942295
942395
942495
942595
942695
942795
942895
942995
943095
943195
943295
943395
943495
943595
943695
943795
943895
943995
944095
944195
944295
944395
944495
944595
944695
944795
944895
944995
945095
945195
945295
945395
945495
945595
945695
945795
945895
945995
946095
946195
946295
946395
946495
946595
946695
946795
946895
946995
947095
947195
947295
947395
947495
947595
947695
947795
947895
947995
948095
948195
948295
948395
948495
948595
948695
948795
948895
948995
949095
949195
949295
949395
949495
949595
949695
949795
949895
949995
950095
950195
950295
950395
950495
950595
950695
950795
950895
950995
951095
951195
951295
951395
951495
951595
951695
951795
951895
951995
952095
952195
952295
952395
952495
952595
952695
952795
952895
952995
953095
953195
953295
953395
953495
953595
953695
953795
953895
953995
954095
954195
954295
954395
954495
954595
954695
954795
954895
954995
955095
955195
955295
955395
955495
955595
955695
955795
955895
955995
956095
956195
956295
956395
956495
956595
956695
956795
956895
956995
957095
957195
957295
957395
957495
957595
957695
957795
957895
957995
958095
958195
958295
958395
958495
958595
958695
958795
958895
958995
959095
959195
959295
959395
959495
959595
959695
959795
959895
959995
960095
960195
960295
960395
960495
960595
960695
960795
960895
960995
961095
961195
961295
961395
961495
961595
961695
961795
961895
961995
962095
962195
962295
962395
962495
962595
962695
962795
962895
962995
963095
963195
963295
963395
963495
963595
963695
963795
963895
963995
964095
964195
964295
964395
964495
964595
964695
964795
964895
964995
965095
965195
965295
965395
965495
965595
965695
965795
965895
965995
966095
966195
966295
966395
966495
966595
966695
966795
966895
966995
967095
967195
967295
967395
967495
967595
967695
967795
967895
967995
968095
968195
968295
968395
968495
968595
968695
968795
968895
968995
969095
969195
969295
969395
969495
969595
969695
969795
969895
969995
970095
970195
970295
970395
970495
970595
970695
970795
970895
970995
971095
971195
971295
971395
971495
971595
971695
971795
971895
971995
972095
972195
972295
972395
972495
972595
972695
972795
972895
972995
973095
973195
973295
973395
973495
973595
973695
973795
973895
973995
974095
974195
974295
974395
974495
974595
974695
974795
974895
974995
975095
975195
975295
975395
975495
975595
975695
975795
975895
975995
976095
976195
976295
976395
976495
976595
976695
976795
976895
976995
977095
977195
977295
977395
977495
977595
977695
977795
977895
977995
978095
978195
978295
978395
978495
978595
978695
978795
978895
978995
979095
979195
979295
979395
979495
979595
979695
979795
979895
979995
980095
980195
980295
980395
980495
980595
980695
980795
980895
980995
981095
981195
981295
981395
981495
981595
981695
981795
981895
981995
982095
982195
982295
982395
982495
982595
982695
982795
982895
982995
983095
983195
983295
983395
983495
983595
983695
983795
983895
983995
984095
984195
984295
984395
984495
984595
984695
984795
984895
984995
985095
985195
985295
985395
985495
985595
985695
985795
985895
985995
986095
986195
986295
986395
986495
986595
986695
986795
986895
986995
987095
987195
987295
987395
987495
987595
987695
987795
987895
987995
988095
988195
988295
988395
988495
988595
988695
988795
988895
988995
989095
989195
989295
989395
989495
989595
989695
989795
989895
989995
990095
990195
990295
990395
990495
990595
990695
990795
990895
990995
991095
991195
991295
991395
991495
991595
991695
991795
991895
991995
992095
992195
992295
992395
992495
992595
992695
992795
992895
992995
993095
993195
993295
993395
993495
993595
993695
993795
993895
993995
994095
994195
994295
994395
994495
994595
994695
994795
994895
994995
995095
995195
995295
995395
995495
995595
995695
995795
995895
995995
996095
996195
996295
996395
996495
996595
996695
996795
996895
996995
997095
997195
997295
997395
997495
997595
997695
997795
997895
997995
998095
998195
998295
998395
998495
998595
998695
998795
998895
998995
999095
999195
999295
999395
999495
999595
999695
999795
999895
999995
